    Opened LOG FILE         on unit 10, filename is 'C:\Users\svj5235\Desktop\AGU 2019\CMG\sandtank experiment\sandtank2D.log'

 *** Starting Date and Time of Simulation Run:  2019-Sep-30   14:46:17
 ********************************************************************************
 *                                                                              *
 *                                 GEM  2017.10                                 *
 *            Adaptive-Implicit EOS Compositional and GHG Simulator             *
 *                         General Release for Win x64                          *
 *                            2017-Oct-16   14:03:18                            *
 *                                                                              *
 *                          (c) Copyright 1977 - 2017                           *
 *                Computer Modelling Group Ltd., Calgary, Canada                *
 *                             All Rights Reserved                              *
 *                                                                              *
 ********************************************************************************


 Command-line Arguments:  -dimsum
                          -wd C:\Users\svj5235\Desktop\AGU 2019\CMG\sandtank experiment
                          -log
                          -f C:\Users\svj5235\Desktop\AGU 2019\CMG\sandtank experiment\sandtank2D.dat

*** Input/Output files specification :
    Opened data file        on unit 11, filename is 'C:\Users\svj5235\Desktop\AGU 2019\CMG\sandtank experiment\sandtank2D.dat'
    Opened Scratch file     on unit 12
    Scanning data for dimensioning information ...
    Opened output file      on unit 13, filename is 'C:\Users\svj5235\Desktop\AGU 2019\CMG\sandtank experiment\sandtank2D.out'
    Opened SR3-OUT          on unit 14, filename is 'C:\Users\svj5235\Desktop\AGU 2019\CMG\sandtank experiment\sandtank2D.sr3'
    Opened INDEX-OUT        on unit 15, filename is 'C:\Users\svj5235\Desktop\AGU 2019\CMG\sandtank experiment\sandtank2D.irf'
    Opened MAIN-RESULTS-OUT on unit 16, filename is 'C:\Users\svj5235\Desktop\AGU 2019\CMG\sandtank experiment\sandtank2D.mrf'
    Opened Scratch file     on unit 17
    Opened OUTPUT RESTART   on unit 18, filename is 'C:\Users\svj5235\Desktop\AGU 2019\CMG\sandtank experiment\sandtank2D.rst'
    Opened GRID scratchfile on unit 19
  
    Main Grid-based Allocations:          1052 (kB)

 ===================== WARNING (from subroutine: INCOMP) ======================
  Unusually large *PCRIT value(s) entered (greater than 99 atm).
  Check units.  Note that PCRIT is in atm and TCRIT is in deg K.
  Line: 55   File Name: C:\Users\svj5235\Desktop\AGU 2019\CMG\sandtank experimen
 ==============================================================================


 ===================== SUMMARY (from subroutine: INDATA) ======================
  Error summary before initialization ...
  Will terminate if data errors have been found.
     1 Warning messages.    0 Error messages.
 ==============================================================================


 *** End of data input
 *** Begin simulation ...



                          Global Storage Usage
                          ====================

             Section           Bytes          Mbytes   # Objects
        ------------    ------------    ------------   ---------
                GEM1         1499880           1.430         224
                GEM3         1372652           1.309         322
                GEM4          678528           0.647           5
              GMTOGR          414768           0.396          39
               POINT           95392           0.091          69
                GEM2           45744           0.044         391
              WMCOM1           37955           0.036         934
               PRTCM           30477           0.029          19
              SR2COM           21298           0.020          88
              SECTOR           14684           0.014         118
           GLOBSTORE            7478           0.007          27
                GEM0            7143           0.007         988
              GRMOD0            2056           0.002         387
              GRMOD1             636           0.001         124
              EQTPAR             412           0.000          69
             PSOLINT             316           0.000          66
        ------------    ------------    ------------   ---------
               Total         4229419           4.033        3870
            Maximium         5079918           4.845
  
   Dimensioning parameters ... 
  
        parameter (md4com =            8 )
        parameter (mdad21 =                  19200 )
        parameter (mdald  =                  25602 )
        parameter (mdalp  =                  78736 )
        parameter (mdaqui =            1 )
        parameter (mdbet  =         6402 )
        parameter (mdcalp =                   6561 )
        parameter (mdcof1 =           21 )
        parameter (mdcoft =           14 )
        parameter (mdcom1 =            3 )
        parameter (mdcom4 =            6 )
        parameter (mdcomp =            2 )
        parameter (mdcorn =            0 )
        parameter (mdcpst =            2 )
        parameter (mddd   =                  10002 )
        parameter (mddiag =           28 )
        parameter (mdeqft =            7 )
        parameter (mdextr =           50 )
        parameter (mdthrds=            1 )
        parameter (mdgm01 =            6 )
        parameter (mdgm05 =           84 )
        parameter (mdgm06 =            1 )
        parameter (mdgm07 =            1 )
        parameter (mdgm08 =            1 )
        parameter (mdgrid =           38 )
        parameter (mdiclu =                   7873 )
        parameter (mdimpl =           35 )
        parameter (mdireg =            1 )
        parameter (mdjcm  =            7 )
        parameter (mdjcs  =           99 )
        parameter (mdjdts =           10 )
        parameter (mdkrs  =           17 )
        parameter (mdktb4 =          100 )
        parameter (mdktbd =          500 )
        parameter (mdktbs =           25 )
        parameter (mdlu   =                  21081 )
        parameter (mdmole =         3200 )
        parameter (mdmolw =         4800 )
        parameter (mdnrxn =            1 )
        parameter (mddrnw1 =            0 )
        parameter (mddrnw2 =            0 )
        parameter (mdnrxnt=            0 )
        parameter (mdnbig =           10 )
        parameter (mdneq  =            4 )
        parameter (mdneq2 =           16 )
        parameter (mdneqf =            3 )
        parameter (mdnor  =           41 )
        parameter (mdnort =           40 )
        parameter (mdlyzl =           10 )
        parameter (mdgpnws=            2 )
        parameter (mdsceq =            8 )
        parameter (mdipr  =           10 )
        parameter (mdoffd =         2772 )
        parameter (mdptab =           99 )
        parameter (mdptb3 =          297 )
        parameter (mdptbd =          350 )
        parameter (mdptcn =         3122 )
        parameter (mdptcs =         1600 )
        parameter (mdptgn =            1 )
        parameter (mdptps =         1600 )
        parameter (mdptss =         1600 )
        parameter (mdtbkr =            1 )
        parameter (mdrhsf =         4800 )
        parameter (mdrock =            1 )
        parameter (mdrow  =          144 )
        parameter (mdsecs =           11 )
        parameter (mdsect =            1 )
        parameter (mdsepd =           88 )
        parameter (mdsepi =          156 )
        parameter (mdsept =            4 )
        parameter (mdsmid =           50 )
        parameter (mdsmix =           25 )
        parameter (mdsol  =         1603 )
        parameter (mdspwk =           30 )
        parameter (mdstge =            5 )
        parameter (mdtab4 =           68 )
        parameter (mdtabl =           17 )
        parameter (mdtbf  =           19 )
        parameter (mdv    =         3282 )
        parameter (mdwal  =           14 )
        parameter (mdwsdb =          136 )
        parameter (mdwsin =            8 )
        parameter (mdzdep =           99 )
        parameter (nfracc =            0 )
        parameter (npush  =            1 )
        parameter (mdcalp*3             =                  19683 )
        parameter (mdcom1*2             =            6 )
        parameter (mdcom1*3             =            9 )
        parameter (mdcom1*mdcom1        =            9 )
        parameter (mdcom1*mdnwe         =            6 )
        parameter (mdcom2               =            3 )
        parameter (mdcom2*mdnwe         =            6 )
        parameter (mdcomp*12            =           24 )
        parameter (mdcomp*2             =            4 )
        parameter (mdcomp*6             =           12 )
        parameter (mdcomp*mdcomp        =            4 )
        parameter (mdcomp*mdcomp*2      =            8 )
        parameter (mdcomp*mdnwe         =            4 )
        parameter (mdcomp*mdnws         =            4 )
        parameter (mdcomp*mdsect        =            2 )
        parameter (mdcomp*mdsept        =            8 )
        parameter (mdcomp*mdstge        =           10 )
        parameter (mdcomp*mdstge*mdnws1 =           30 )
        parameter (mdcpst*mdcomp        =            4 )
        parameter (mdeqft*6             =           42 )
        parameter (mdeqvr               =           18 )
        parameter (mdextr*6             =          300 )
        parameter (mdgm08*25            =           25 )
        parameter (mdjcs*mdcom1         =          297 )
        parameter (mdjcs*mdneq          =          396 )
        parameter (mdjcs*mdneq*3*3      =         3564 )
        parameter (mdjdts*6             =           60 )
        parameter (mdneq*3              =           12 )
        parameter (mdneq*6              =           24 )
        parameter (mdneq*mdjcs          =          396 )
        parameter (mdneq*mdptcn         =        12488 )
        parameter (mdneqf*mdeqft        =           21 )
        parameter (mdneqf*mdneqf        =            9 )
        parameter (mdnor*mdnor          =         1681 )
        parameter (mdptc1               =            1 )
        parameter (mdptc1*3             =            3 )
        parameter (mdptps*2             =         3200 )
        parameter (mdptps*3             =         4800 )
        parameter (mdrock*4             =            4 )
        parameter (mdrock*mdtbf         =           19 )
        parameter (mdsect*10            =           10 )
        parameter (mdsect*11            =           11 )
        parameter (mdsect*3             =            3 )
        parameter (mdtab4*5             =          340 )
        parameter (mdv*mdnor            =                 134562 )
        parameter (mdzdep*mdcom2        =          297 )
        parameter (mdclas               =            1 )
        parameter (mdclsl               =            1 )
        parameter (mdprda               =            1 )
        parameter (mdprtc               =            5 )
        parameter (mdlevp               =            1 )
        parameter (mdclp2               =                   6561 )
        parameter (mdijls               =                   1603 )
        parameter (mdoocc               =            1 )
        parameter (mdcbet               =            1 )
                                                  
    ----------------------------------------------
                WM parameters - Dimensioner output
    ----------------------------------------------
                                                  
   mdwell =             2
   mdlayr =             2
   mdly1w =             2
   mdlypl =             1
   mdgrup =             2
   mdrgrp =             1
   mdcons =             3
   mdhyvl =             1
   mdbhen =           100
   mdhytb =             1
   mdcygr =             1
   mdcygp =             2
   mdcygs =             2
   mdgcms =            40
   mdwcms =            40
   mdclmp =             0
   mdrlmp =             0
  mdlyclmp              1
  mdlyrlmp              1
                                                  
 
    GEM Dynamic Allocations:              3276 (kB)
    Pointer-based Allocations:             122 (kB)
    Well Management Allocations:            37 (kB)
    Final Grid-based Allocations:            2 (kB)
  
    Current Total Memory Allocation:      3438 (kB)
                                             4 (MB)
  
 
    Jacobian-based Allocations:           2003 (kB)
  
    Current Total Memory Allocation:      5441 (kB)
                                             6 (MB)
  
1

                                     G E M   T I M E   S T E P   S U M M A R Y
 ====================================================================================================================
     Time Step            Time                            Maximum Changes                       Mat  Cum    Solver
 ----------------- ----------------- ---------------------------------------------------------  Bal  time -----------
       Size Newton                        Pressure         Saturation         Composition       Err  step Iter/   Cum
 No.   days  cycls  Days     Date      Block    psia     Block   Fraction   Block    Fraction    %   cuts  Cycl  Fail
 ----  ------ ---- ------ ---------- --------- ------ --------- --------- --------- ---------- ----- ---- ----- -----
    1  1.0e-2   4  1.0e-2 2019.01.01     4,38  -9.23     36,38  5.6e-3(g)      1,1        ( 1) 53e-3    0   8.0    0
    2  1.0e-2   1  2.0e-2 2019.01.01    40,40  1.656     36,38  4.2e-3(g)      1,1        ( 1) 61e-3    0   9.0    0
    3  3.0e-2   1  5.0e-2 2019.01.01    40,40  .7576     36,38  1.1e-2(g)      1,1        ( 1) 35e-3    0  15.0    0
    4  9.0e-2   1  .1400  2019.01.01      1,5  -.462     36,38  3.1e-2(g)      1,1        ( 1) 18e-3    0  18.0    0
    5  .2700    2  .4100  2019.01.01    36,37  .7395     36,38  6.6e-2(g)      1,1        ( 1) 5.212    0  19.5    0
    6w .5900    2  1.000  2019.01.02    36,37  1.139     35,38  7.2e-2(g)    36,38  2.2e-3( 1) 4.672    0  17.5    0
    7  .6750    2  1.675  2019.01.02    36,37  .5343     35,38  7.3e-2(g)    36,38  -73e-5( 2) 2.888    0  22.0    0
    8w .3250    2  2.000  2019.01.03    36,36  .6094     34,38  -31e-3(w)    36,37  1.3e-3( 1) 2.426    0  20.5    0
    9w 1.000    2  3.000  2019.01.04    36,36  .3193     34,38  .1004 (g)    36,37  -28e-4( 2) 1.634    0  22.5    0
   10w 1.000    2  4.000  2019.01.05    33,38  .6318     33,38  8.2e-2(g)    34,38  -50e-4( 2) 1.219    0  22.0    0
   11w 1.000    3  5.000  2019.01.06    32,38  .5385     32,38  5.9e-2(g)    35,37  -26e-4( 2) .9656    0   7.7    0
   12w 1.000    2  6.000  2019.01.07    36,35  .3802     32,38  5.5e-2(g)    33,38  -35e-4( 2) .8009    0  23.0    0
   13w 1.000    2  7.000  2019.01.08    31,38  .5033     31,38  6.2e-2(g)    32,38  3.8e-3( 1) .6814    0  22.0    0
   14w 1.000    2  8.000  2019.01.09    35,35  .2895     31,38  5.7e-2(g)    32,38  4.1e-3( 1) .5924    0  23.0    0
   15w 1.000    2  9.000  2019.01.10    30,38  .5166     30,38  6.5e-2(g)    31,38  -45e-4( 2) .5225    0   7.5    0
   16w 1.000    2  10.00  2019.01.11     14,7  .2935     30,38  5.8e-2(g)    31,38  -34e-4( 2) .4675    0  22.5    0
   17w 1.000    1  11.00  2019.01.12    29,38  .3688     29,38  5.6e-2(g)    30,38  -45e-4( 2) .4190    0   5.0    0
   18w 1.000    2  12.00  2019.01.13    37,24  .3025     29,38  -63e-3(w)    30,38  3.2e-3( 1) .3818    0  22.5    0
   19w 1.000    1  13.00  2019.01.14    28,38  .4492     28,38  6.7e-2(g)    29,38  -63e-4( 2) .3535    0   5.0    0
   20w 1.000    2  14.00  2019.01.15    20,11  .2816     28,38  -52e-3(w)    29,38  3.4e-3( 1) .3264    0  22.5    0
1

                                     G E M   T I M E   S T E P   S U M M A R Y
 ====================================================================================================================
     Time Step            Time                            Maximum Changes                       Mat  Cum    Solver
 ----------------- ----------------- ---------------------------------------------------------  Bal  time -----------
       Size Newton                        Pressure         Saturation         Composition       Err  step Iter/   Cum
 No.   days  cycls  Days     Date      Block    psia     Block   Fraction   Block    Fraction    %   cuts  Cycl  Fail
 ----  ------ ---- ------ ---------- --------- ------ --------- --------- --------- ---------- ----- ---- ----- -----
   21w 1.000    1  15.00  2019.01.16    27,38  .3594     27,38  5.1e-2(g)    28,38  -57e-4( 2) .2960    0   4.0    0
   22w 1.000    2  16.00  2019.01.17    37,24  .2769     27,38  -63e-3(w)    28,38  4.2e-3( 1) .2761    0  23.5    0
   23w 1.000    2  17.00  2019.01.18    26,38  .4300     26,38  5.9e-2(g)    27,38  -46e-4( 2) .2589    0   9.5    0
   24w 1.000    2  18.00  2019.01.19     19,6  .2172     26,38  5.7e-2(g)    27,38  5.5e-3( 1) .2434    0  22.5    0
   25w 1.000    2  19.00  2019.01.20    25,38  .3938     25,38  5.8e-2(g)    26,38  -42e-4( 2) .2295    0  13.0    0
   26w 1.000    2  20.00  2019.01.21    27,37  .1526     25,38  5.6e-2(g)    26,38  5.6e-3( 1) .2171    0  22.5    0
   27w 1.000    1  21.00  2019.01.22    24,38  .4170     24,38  6.3e-2(g)    25,38  6.8e-3( 1) .2032    0   4.0    0
   28w 1.000    2  22.00  2019.01.23    30,27  .1907     24,38  -54e-3(w)    25,38  -37e-4( 2) .1931    0  22.0    0
   29w 1.000    1  23.00  2019.01.24    23,38  .3540     23,38  5.2e-2(g)    24,38  -44e-4( 2) .1901    0   4.0    0
   30w 1.000    2  24.00  2019.01.25    33,24  .2008     23,38  -65e-3(w)    24,38  5.1e-3( 1) .1814    0  22.5    0
   31w 1.000    1  25.00  2019.01.26    22,38  .4392     22,38  6.8e-2(g)    23,38  4.8e-3( 1) .1770    0   4.0    0
   32w 1.000    2  26.00  2019.01.27    24,19  .1963     22,38  -54e-3(w)    23,38  -64e-4( 2) .1695    0  22.0    0
   33w 1.000    2  27.00  2019.01.28    21,38  .3882     21,38  5.6e-2(g)    22,38  4.9e-3( 1) .1627    0  11.5    0
   34w 1.000    2  28.00  2019.01.29    20,38  .1472     21,38  6.8e-2(g)    22,38  6.2e-3( 1) .1563    0  22.0    0
   35w 1.000    1  29.00  2019.01.30    20,38  .4290     20,38  7.5e-2(g)    21,38  5.1e-3( 1) .1493    0   5.0    0
   36w 1.000    2  30.00  2019.01.31     4,27  .1624     20,38  -56e-3(w)    21,38  -68e-4( 2) .1438    0  22.0    0
   37w 1.000    1  31.00  2019.02.01    19,38  .3731     19,38  7.0e-2(g)    20,38  5.2e-3( 1) .1382    0   5.0    0
   38w 1.000    2  32.00  2019.02.02    18,38  .2288     19,38  -57e-3(w)    20,38  -64e-4( 2) .1334    0  22.0    0
   39w 1.000    2  33.00  2019.02.03    18,38  .3897     18,38  -82e-3(w)    19,38  5.5e-3( 1) .1287    0  10.0    0
   40w 1.000    2  34.00  2019.02.04    17,38  .2916     17,38  4.7e-2(g)    19,38  -54e-4( 2) .1245    0  22.0    0
1

                                     G E M   T I M E   S T E P   S U M M A R Y
 ====================================================================================================================
     Time Step            Time                            Maximum Changes                       Mat  Cum    Solver
 ----------------- ----------------- ---------------------------------------------------------  Bal  time -----------
       Size Newton                        Pressure         Saturation         Composition       Err  step Iter/   Cum
 No.   days  cycls  Days     Date      Block    psia     Block   Fraction   Block    Fraction    %   cuts  Cycl  Fail
 ----  ------ ---- ------ ---------- --------- ------ --------- --------- --------- ---------- ----- ---- ----- -----
   41w 1.000    2  35.00  2019.02.05    17,38  .2957     17,38  -85e-3(w)    18,38  -53e-4( 2) .1206    0  12.0    0
   42w 1.000    3  36.00  2019.02.06    16,38  .4221     16,38  7.7e-2(g)    18,38  5.3e-3( 1) .1168    0  21.3    0
   43w 1.000    2  37.00  2019.02.07    15,38  .4153     15,38  5.5e-2(g)    17,38  4.8e-3( 1) .1133    0  13.5    0
   44w 1.000    2  38.00  2019.02.08    15,38  9.5e-2    15,38  -61e-3(w)    17,38  -43e-4( 2) .1100    0  21.0    0
   45w 1.000    2  39.00  2019.02.09    14,38  .5898     14,38  8.2e-2(g)    16,38  4.8e-3( 1) .1063    0   6.5    0
   46w 1.000    2  40.00  2019.02.10    13,38  .1975     14,38  6.0e-2(g)    15,38  7.9e-3( 1) .1033    0  21.5    0
   47w 1.000    2  41.00  2019.02.11    13,38  .5152     13,38  -.105 (w)    14,38  6.9e-3( 1) .1005    0  11.0    0
   48w 1.000    3  42.00  2019.02.12    12,38  .4800     12,38  9.3e-2(g)    14,38  -69e-4( 2) 97e-3    0  18.0    0
   49w 1.000    3  43.00  2019.02.13    11,38  .6290     11,38  9.4e-2(g)    13,38  6.3e-3( 1) 95e-3    0  10.7    0
   50w 1.000    2  44.00  2019.02.14    10,38  .3211     10,38  5.5e-2(g)    13,38  5.9e-3( 1) 92e-3    0  20.0    0
   51w 1.000    2  45.00  2019.02.15    10,38  .5365     10,38  -.132 (w)    11,38  -53e-4( 2) 90e-3    0   4.5    0
   52w 1.000    2  46.00  2019.02.16     9,38  .8583      9,38  .1844 (g)    11,38  5.6e-3( 1) 99e-3    0  19.5    0
   53w 1.000    4  47.00  2019.02.17     8,38  .9315      8,38  .2081 (g)     9,38  -69e-4( 2) 97e-3    0  14.0    0
   54w 1.000    4  48.00  2019.02.18     7,38  1.174      7,38  .2850 (g)     9,38  9.4e-3( 1) .1020    0  21.8    0
   55w 1.000    4  49.00  2019.02.19     6,38  1.313      6,38  .3859 (g)     7,38  -70e-4( 2) .1046    0   8.5    0
    --- Repeat time step: saturation variation too large, block: 1485 ( 5,38 )   0.6489     
    --- Repeat time step: saturation variation too large, block: 1484 ( 4,38 )   0.6084     
   56  .2055    9  49.21  2019.02.19     6,38  -1.74      5,38  .1115 (g)     7,38  3.2e-3( 1) 99e-3    2  11.3    0
   57  .2055    2  49.41  2019.02.19     5,38  -2.34      5,38  -55e-3(w)     5,38  5.0e-3( 1) 99e-3    2   5.5    0
   58  .5136    2  49.92  2019.02.19     5,38  -1.64      6,38  -83e-3(g)     4,38  7.0e-3( 1) 98e-3    2  10.0    0
   59w 7.5e-2   1  50.00  2019.02.20     8,38  -.190      6,38  -12e-3(g)     6,38  1.0e-3( 1) 98e-3    2  14.0    0
   60w 1.000    2  51.00  2019.02.21     6,38  .6980      6,38  6.5e-2(w)     4,38  -53e-4( 2) .1031    2   3.5    0
1

                                     G E M   T I M E   S T E P   S U M M A R Y
 ====================================================================================================================
     Time Step            Time                            Maximum Changes                       Mat  Cum    Solver
 ----------------- ----------------- ---------------------------------------------------------  Bal  time -----------
       Size Newton                        Pressure         Saturation         Composition       Err  step Iter/   Cum
 No.   days  cycls  Days     Date      Block    psia     Block   Fraction   Block    Fraction    %   cuts  Cycl  Fail
 ----  ------ ---- ------ ---------- --------- ------ --------- --------- --------- ---------- ----- ---- ----- -----
   61w 1.000    2  52.00  2019.02.22    13,37  .3802      6,38  6.4e-2(w)    16,37  6.3e-3( 1) .1345    2  20.5    0
   62w 1.000    2  53.00  2019.02.23     7,38  2.107      7,38  8.1e-2(g)     7,38  4.9e-3( 2) .1475    2   6.0    0
   63w 1.000    3  54.00  2019.02.24     6,38  1.133      6,38  -.224 (w)    15,37  -63e-4( 2) .1741    2  21.0    0
   64w 1.000    3  55.00  2019.02.25     6,38  -2.04      6,38  .1456 (w)    14,37  -59e-4( 2) .1717    2   3.0    0
   65w 1.000    1  56.00  2019.02.26     6,38  -.214      6,38  -.166 (g)    14,37  -65e-4( 2) .2124    2  20.0    0
   66w 1.000    2  57.00  2019.02.27     6,38  2.989      6,38  .2592 (g)    13,37  7.4e-3( 1) .2201    2   4.5    0
    --- Repeat time step: saturation variation too large, block: 1485 ( 5,38 )   0.5269     
   67  .5000    4  57.50  2019.02.27     6,38  -3.25      6,38  .1688 (w)     8,38  1.1e-2( 2) .2554    3  10.0    0
   68w .5000    2  58.00  2019.02.28     6,38  1.680      6,38  -39e-3(w)     8,38  9.3e-3( 1) .2778    3   3.0    0
   69  .7403    2  58.74  2019.02.28     8,38  .2115      9,37  5.8e-2(g)     5,38  8.7e-3( 2) .3013    3  19.0    0
   70w .2597    2  59.00  2019.03.01     7,38  .7801      6,38  3.3e-2(w)     8,38  -44e-4( 1) .3012    3   8.0    0
   71w 1.000    2  60.00  2019.03.02     6,38  .5037      7,39  9.0e-2(g)     7,38  -10e-3( 1) .3698    3  19.0    0
   72w 1.000    3  61.00  2019.03.03     6,39  .3130      6,39  9.7e-2(g)     7,38  1.0e-2( 1) .4422    3  10.0    0
   73w 1.000    3  62.00  2019.03.04     8,37  -.330      7,37  .1005 (g)     8,38  -18e-3( 1) .5507    3  16.3    0
   74w 1.000    3  63.00  2019.03.05     8,38  -.494      5,39  -98e-3(w)     7,38  -65e-3( 1) .7518    3   8.0    0
   75w 1.000    2  64.00  2019.03.06     5,39  -.603      4,39  8.1e-2(g)     6,38  -74e-3( 1) .7634    3  13.5    0
   76w 1.000    3  65.00  2019.03.07     5,38  -.687      5,37  6.9e-2(g)     6,38  5.5e-2( 1) .7933    3   4.0    0
   77w 1.000    3  66.00  2019.03.08     4,39  -.637      6,38  -99e-3(w)     5,38  -22e-3( 1) 1.059    3  18.3    0
   78w 1.000    3  67.00  2019.03.09     6,38  -.576      6,38  8.1e-2(w)     5,38  3.2e-2( 1) 1.123    3   8.0    0
   79w 1.000    2  68.00  2019.03.10     6,38  .3328      7,38  -40e-3(g)     7,38  -69e-3( 1) 1.489    3  12.5    0
   80w 1.000    2  69.00  2019.03.11     7,38  .4158      7,38  7.5e-2(g)     7,38  5.6e-2( 1) 1.681    3   3.0    0
1

                                     G E M   T I M E   S T E P   S U M M A R Y
 ====================================================================================================================
     Time Step            Time                            Maximum Changes                       Mat  Cum    Solver
 ----------------- ----------------- ---------------------------------------------------------  Bal  time -----------
       Size Newton                        Pressure         Saturation         Composition       Err  step Iter/   Cum
 No.   days  cycls  Days     Date      Block    psia     Block   Fraction   Block    Fraction    %   cuts  Cycl  Fail
 ----  ------ ---- ------ ---------- --------- ------ --------- --------- --------- ---------- ----- ---- ----- -----
   81w 1.000    2  70.00  2019.03.12     7,38  -.612      7,38  -.126 (g)     7,38  -33e-3( 1) 1.981    3  13.5    0
   82w 1.000    3  71.00  2019.03.13     7,38  1.892      7,38  .2605 (g)     7,38  -43e-3( 2) 2.065    3   8.0    0
   83w 1.000    3  72.00  2019.03.14     6,38  1.446      6,38  -.293 (w)     5,38  1.2e-2( 1) 2.339    3  13.7    0
   84w 1.000    4  73.00  2019.03.15     6,38  -2.85      6,38  .1616 (w)     9,38  4.1e-2( 2) 2.581    3   7.0    0
   85w 1.000    3  74.00  2019.03.16     4,39  -.364      6,38  .1617 (w)     8,38  -79e-3( 1) 2.940    3  21.7    0
   86w 1.000    4  75.00  2019.03.17     6,38  1.379      5,38  -84e-3(g)     8,38  6.5e-2( 1) 3.220    3   6.8    0
   87w 1.000    2  76.00  2019.03.18     7,38  .3633      5,38  9.3e-2(w)     9,38  3.5e-2( 1) 3.570    3  18.5    0
   88w 1.000    4  77.00  2019.03.19     7,38  -1.05      7,38  -.164 (g)     6,39  4.5e-2( 2) 4.017    3   2.0    0
    --- Repeat time step: saturation variation too large, block: 1487 ( 7,38 )   0.5253     
   89  .5000    6  77.50  2019.03.19     7,38  1.082      7,38  8.8e-2(g)     6,38  4.8e-2( 2) 4.103    4   7.2    0
   90w .5000    2  78.00  2019.03.20     6,38  .5468      5,38  3.4e-2(w)     6,38  -34e-3( 2) 4.131    4   3.5    0
   91  .5000    2  78.50  2019.03.20     9,38  5.1e-2     5,38  -36e-3(g)     5,39  2.1e-2( 1) 4.226    4  19.5    0
   92w .5000    2  79.00  2019.03.21     5,38  .4598      5,38  2.4e-2(g)     5,38  -22e-3( 2) 4.279    4   2.0    0
   93w 1.000    2  80.00  2019.03.22     9,36  -30e-3     5,38  -54e-3(w)     4,39  -95e-4( 2) 4.592    4  20.0    0
   94w 1.000    2  81.00  2019.03.23     5,38  -.460      8,36  3.8e-2(g)     4,38  -87e-4( 2) 4.642    4   3.0    0
   95w 1.000    3  82.00  2019.03.24     8,36  -97e-3    15,35  2.8e-2(g)     6,38  3.7e-2( 2) 4.874    4  20.0    0
   96w 1.000    2  83.00  2019.03.25     5,38  .1749      7,36  3.1e-2(g)     7,38  4.6e-2( 2) 5.146    4   3.0    0
   97w 1.000    2  84.00  2019.03.26     7,38  .2820      7,38  6.6e-2(g)     6,38  -.111 ( 1) 5.757    4  15.5    0
   98w 1.000    3  85.00  2019.03.27     7,38  -.643      7,38  -.103 (g)     6,38  9.8e-2( 1) 6.329    4   4.0    0
   99w 1.000    2  86.00  2019.03.28     7,38  .9806      7,38  .1989 (g)     7,38  7.5e-2( 1) 6.984    4  14.5    0
  100w 1.000    6  87.00  2019.03.29     6,38  1.083      7,38  -.186 (g)     7,38  -65e-3( 1) 7.428    4   5.7    0
1

                                     G E M   T I M E   S T E P   S U M M A R Y
 ====================================================================================================================
     Time Step            Time                            Maximum Changes                       Mat  Cum    Solver
 ----------------- ----------------- ---------------------------------------------------------  Bal  time -----------
       Size Newton                        Pressure         Saturation         Composition       Err  step Iter/   Cum
 No.   days  cycls  Days     Date      Block    psia     Block   Fraction   Block    Fraction    %   cuts  Cycl  Fail
 ----  ------ ---- ------ ---------- --------- ------ --------- --------- --------- ---------- ----- ---- ----- -----
  101w 1.000    3  88.00  2019.03.30     7,38  1.186      7,38  .1782 (g)     6,38  -.119 ( 1) 8.064    4  16.7    0
  102w 1.000    4  89.00  2019.03.31     7,38  -1.32      7,38  .1727 (w)     6,38  .1177 ( 1) 8.656    4   4.5    0
  103w 1.000    2  90.00  2019.04.01     7,38  1.057      7,38  .1395 (g)     8,38  6.0e-2( 2) 9.711    4  13.0    0
  104w 1.000    4  91.00  2019.04.02     6,38  .7780      6,38  -.120 (w)     7,38  -.115 ( 1) 10.32    4   5.0    0
  105w 1.000    2  92.00  2019.04.03     7,38  .6813      7,38  9.5e-2(g)     6,38  -.146 ( 1) 10.87    4  15.5    0
  106w 1.000    2  93.00  2019.04.04     7,38  -.888      7,38  -.120 (g)     6,38  .1199 ( 1) 11.94    4   4.5    0
  107w 1.000    2  94.00  2019.04.05     7,38  1.030      6,38  .1628 (w)     5,39  -51e-3( 1) 13.43    4  13.0    0
  108w 1.000    4  95.00  2019.04.06     6,38  .8701      6,38  -.145 (w)     8,38  -.100 ( 1) 14.07    4   3.5    0
  109w 1.000    2  96.00  2019.04.07     7,38  .5284      7,38  -26e-3(w)     7,38  .1055 ( 2) 15.00    4  14.5    0
  110w 1.000    2  97.00  2019.04.08     8,38  -.245      8,38  -28e-3(g)     7,38  -87e-3( 2) 15.67    4   3.0    0
  111w 1.000    2  98.00  2019.04.09     7,38  -.157      6,38  5.1e-2(g)     6,39  -45e-3( 1) 16.83    4  13.5    0
  112w 1.000    2  99.00  2019.04.10     6,38  -.399      6,38  3.7e-2(w)     9,38  -82e-3( 1) 17.87    4   5.5    0
  113w 1.000    2  100.0  2019.04.11     6,37  -.149     10,40  2.6e-2(g)     8,38  -.103 ( 1) 18.72    4  15.0    0
  114w 1.000    3  101.0  2019.04.12     5,39  -.123     10,40  2.7e-2(g)     7,38  -.125 ( 1) 19.66    4  11.7    0
  115w 1.000    3  102.0  2019.04.13     6,38  .1339      9,35  2.4e-2(g)     6,38  -.155 ( 1) 20.90    4  14.0    0
  116w 1.000    2  103.0  2019.04.14     7,38  -.352      9,40  2.9e-2(g)    10,38  -76e-3( 1) 22.43    4   8.0    0
  117w 1.000    3  104.0  2019.04.15     8,38  .2700      9,40  3.0e-2(g)     9,38  8.2e-2( 2) 23.85    4  18.3    0
  118w 1.000    2  105.0  2019.04.16     7,38  .3811      7,39  2.6e-2(g)     8,38  9.1e-2( 2) 25.84    4   4.5    0
  119w 1.000    3  106.0  2019.04.17     6,39  .1737      6,38  3.6e-2(g)     7,38  -.121 ( 1) 28.41    4  21.7    0
  120w 1.000    2  107.0  2019.04.18     5,38  .1677      8,40  3.3e-2(g)     7,39  6.7e-2( 2) 29.64    4   4.5    0
1

                                     G E M   T I M E   S T E P   S U M M A R Y
 ====================================================================================================================
     Time Step            Time                            Maximum Changes                       Mat  Cum    Solver
 ----------------- ----------------- ---------------------------------------------------------  Bal  time -----------
       Size Newton                        Pressure         Saturation         Composition       Err  step Iter/   Cum
 No.   days  cycls  Days     Date      Block    psia     Block   Fraction   Block    Fraction    %   cuts  Cycl  Fail
 ----  ------ ---- ------ ---------- --------- ------ --------- --------- --------- ---------- ----- ---- ----- -----
  121w 1.000    3  108.0  2019.04.19     7,38  -.169      9,38  3.7e-2(g)     6,39  6.8e-2( 2) 31.03    4  15.3    0
  122w 1.000    2  109.0  2019.04.20     6,38  -.390      8,38  -57e-3(w)    11,38  7.1e-2( 2) 32.53    4   5.0    0
  123w 1.000    2  110.0  2019.04.21     7,38  .4637      7,38  -.109 (w)    10,38  8.3e-2( 2) 34.61    4  14.5    0
  124w 1.000    3  111.0  2019.04.22     7,38  -.675      7,38  9.1e-2(w)     9,38  -.103 ( 1) 35.95    4   8.7    0
  125w 1.000    3  112.0  2019.04.23     7,38  .4393      7,38  6.4e-2(g)     6,38  -.177 ( 1) 37.97    4  15.7    0
  126w 1.000    3  113.0  2019.04.24     6,38  .3891      7,38  -88e-3(g)     7,38  -.165 ( 1) 40.28    4   6.3    0
  127w 1.000    3  114.0  2019.04.25     7,38  .5973      7,38  .1075 (g)    10,38  7.8e-2( 2) 42.80    4  12.0    0
  128w 1.000    3  115.0  2019.04.26     6,38  .7230      6,38  9.3e-2(g)     9,38  9.4e-2( 2) 44.22    4   6.7    0
  129w 1.000    2  116.0  2019.04.27     9,38  .2444      8,38  -42e-3(g)     7,38  8.9e-2( 1) 46.26    4  16.0    0
  130w 1.000    2  117.0  2019.04.28     7,38  -.513      7,38  -63e-3(g)     6,39  -76e-3( 1) 48.68    4   5.5    0
  131w 1.000    2  118.0  2019.04.29     7,38  .5969      6,38  -.110 (g)     6,38  -.106 ( 1) 50.71    4  15.0    0
  132w 1.000    3  119.0  2019.04.30     6,38  .5888      6,38  8.7e-2(g)     6,38  7.2e-2( 1) 52.99    4   4.0    0
  133w 1.000    3  120.0  2019.05.01     9,38  .2295      7,38  -44e-3(w)     8,38  -96e-3( 1) 55.90    4  18.0    0
  134w 1.000    3  121.0  2019.05.02     7,38  -.475      7,38  -87e-3(g)     7,38  .1714 ( 2) 57.56    4   8.7    0
  135w 1.000    3  122.0  2019.05.03     7,38  .5486      6,38  -.123 (g)     6,38  .2201 ( 2) 59.83    4  17.0    0
  136w 1.000    4  123.0  2019.05.04     6,38  .7689      6,38  8.7e-2(g)     6,38  9.5e-2( 1) 62.03    4   7.0    0
  137w 1.000    3  124.0  2019.05.05     7,38  .3266      7,38  4.2e-2(g)     9,38  .1113 ( 2) 64.65    4  17.3    0
  138w 1.000    3  125.0  2019.05.06     7,38  -.519      5,38  2.8e-2(g)     8,38  -.141 ( 1) 67.85    4   9.7    0
  139w 1.000    3  126.0  2019.05.07     5,37  -.151      5,38  -63e-3(w)     7,38  -.178 ( 1) 71.84    4  18.3    0
  140w 1.000    3  127.0  2019.05.08     7,38  .6047      7,38  7.0e-2(g)     9,38  8.1e-2( 1) 74.47    4   7.7    0
1

                                     G E M   T I M E   S T E P   S U M M A R Y
 ====================================================================================================================
     Time Step            Time                            Maximum Changes                       Mat  Cum    Solver
 ----------------- ----------------- ---------------------------------------------------------  Bal  time -----------
       Size Newton                        Pressure         Saturation         Composition       Err  step Iter/   Cum
 No.   days  cycls  Days     Date      Block    psia     Block   Fraction   Block    Fraction    %   cuts  Cycl  Fail
 ----  ------ ---- ------ ---------- --------- ------ --------- --------- --------- ---------- ----- ---- ----- -----
  141w 1.000    3  128.0  2019.05.09     6,38  .3268      6,38  -77e-3(w)    11,38  8.3e-2( 2) 78.24    4  17.3    0
  142w 1.000    4  129.0  2019.05.10     6,38  -.506      8,38  3.8e-2(g)    10,38  -96e-3( 1) 81.06    4  13.2    0
  143w 1.000    3  130.0  2019.05.11     8,38  -.215      8,38  -52e-3(g)     9,38  -.115 ( 1) 84.69    4  21.3    0
  144w 1.000    3  131.0  2019.05.12     7,38  -.520      7,38  2.9e-2(w)     8,38  -.139 ( 1) 88.14    4  12.7    0
  145w 1.000    3  132.0  2019.05.13     7,38  .2249      7,37  -24e-3(g)     7,38  -.167 ( 1) 92.39    4  20.0    0
  146w 1.000    3  133.0  2019.05.14     7,38  .5341     11,38  -44e-3(g)     6,39  8.5e-2( 2) 94.67    4  11.0    0
  147w 1.000    3  134.0  2019.05.15     6,38  .2402      6,38  -46e-3(w)     5,39  -81e-3( 1) 96.66    4  18.7    0
  148w 1.000    3  135.0  2019.05.16     9,38  -.360      9,38  -40e-3(g)    15,38  -67e-3( 1) 99.58    4  12.7    0
  149w 1.000    3  136.0  2019.05.17     8,38  -.245      8,38  4.5e-2(w)    14,38  7.2e-2( 2) 103.1    4  21.0    0
  150w 1.000    3  137.0  2019.05.18     7,38  -.557      7,38  7.0e-2(w)    13,38  -75e-3( 1) 105.7    4  14.0    0
  151w 1.000    2  138.0  2019.05.19     7,38  .3586      6,38  -82e-3(g)     9,39  -61e-3( 1) 108.8    4  16.5    0
  152w 1.000    4  139.0  2019.05.20     6,38  .5950      6,38  3.9e-2(g)    11,38  -75e-3( 1) 111.8    4  11.2    0
  153w 1.000    3  140.0  2019.05.21     6,38  7.0e-2     6,38  4.7e-2(g)    10,38  .1050 ( 2) 115.9    4  20.0    0
  154w 1.000    4  141.0  2019.05.22     7,38  -.522      9,38  -85e-3(g)     7,38  -.188 ( 1) 119.7    4  10.8    0
  155w 1.000    3  142.0  2019.05.23     7,38  .3079      7,38  .1369 (g)     6,38  .2363 ( 2) 123.6    4  18.0    0
  156w 1.000    4  143.0  2019.05.24     7,38  -.777      7,38  -.203 (g)     6,38  -.200 ( 2) 126.8    4   9.2    0
  157w 1.000    3  144.0  2019.05.25     7,38  1.278      6,38  .2113 (w)     9,39  7.7e-2( 2) 131.1    4  18.0    0
  158w 1.000    4  145.0  2019.05.26     6,38  1.244      6,38  -.168 (w)     8,39  -87e-3( 1) 135.4    4   4.8    0
  159w 1.000    4  146.0  2019.05.27     7,38  .3847      7,38  3.7e-2(g)     7,39  -.100 ( 1) 139.1    4  18.2    0
  160w 1.000    4  147.0  2019.05.28     7,38  -.415     11,38  -38e-3(g)     6,39  -.105 ( 1) 142.8    4  11.0    0
1

                                     G E M   T I M E   S T E P   S U M M A R Y
 ====================================================================================================================
     Time Step            Time                            Maximum Changes                       Mat  Cum    Solver
 ----------------- ----------------- ---------------------------------------------------------  Bal  time -----------
       Size Newton                        Pressure         Saturation         Composition       Err  step Iter/   Cum
 No.   days  cycls  Days     Date      Block    psia     Block   Fraction   Block    Fraction    %   cuts  Cycl  Fail
 ----  ------ ---- ------ ---------- --------- ------ --------- --------- --------- ---------- ----- ---- ----- -----
  161w 1.000    4  148.0  2019.05.29    10,38  -.118     10,38  -55e-3(g)    10,38  .1031 ( 2) 147.7    4  20.2    0
  162w 1.000    3  149.0  2019.05.30     9,38  -.250      9,38  -81e-3(g)     9,38  -.121 ( 1) 152.3    4  11.7    0
  163w 1.000    3  150.0  2019.05.31     8,38  -.259      8,38  -.141 (g)     8,38  -.153 ( 1) 157.2    4  19.3    0
  164w 1.000    3  151.0  2019.06.01     7,38  -.855      7,38  -.247 (g)     7,38  -.247 ( 1) 160.1    4   5.0    0
  165w 1.000    5  152.0  2019.06.02     7,38  1.607      6,38  -.347 (g)     6,38  -.433 ( 1) 163.0    4  18.6    0
  166w 1.000    5  153.0  2019.06.03     6,38  1.861      6,38  .2490 (g)     6,38  .2948 ( 1) 167.4    4   4.0    0
  167w 1.000    5  154.0  2019.06.04     7,38  .3309      6,38  .1130 (g)    10,38  -.116 ( 1) 173.4    4  21.8    0
  168w 1.000    5  155.0  2019.06.05     6,38  -.560      5,38  -54e-3(w)     9,38  -.132 ( 1) 178.7    4  11.6    0
  169w 1.000    5  156.0  2019.06.06     8,38  -.253      8,38  -.102 (g)     8,38  .1707 ( 2) 183.3    4  20.2    0
  170w 1.000    3  157.0  2019.06.07     7,38  -.747      7,38  -.200 (g)     7,38  .2579 ( 2) 188.2    4  10.7    0
  171w 1.000    3  158.0  2019.06.08     7,38  1.224      6,38  -.277 (g)     6,38  .3840 ( 2) 192.1    4  17.3    0
  172w 1.000    4  159.0  2019.06.09     6,38  1.486      6,38  .2093 (g)     6,38  .2056 ( 1) 196.9    4   4.0    0
  173w 1.000    3  160.0  2019.06.10     7,38  .4022      6,38  6.5e-2(g)    11,38  9.5e-2( 2) 200.8    4  19.7    0
  174w 1.000    3  161.0  2019.06.11     6,38  -.387      7,39  -34e-3(g)     7,39  7.3e-2( 2) 204.0    4   8.0    0
  175w 1.000    3  162.0  2019.06.12     6,39  -.171      6,39  -35e-3(g)     6,39  7.6e-2( 2) 207.6    4  18.0    0
  176w 1.000    3  163.0  2019.06.13     8,38  -.147      8,38  3.1e-2(w)     8,37  -80e-3( 1) 211.9    4  15.0    0
  177w 1.000    3  164.0  2019.06.14     7,38  -91e-3     7,38  4.8e-2(w)     8,38  .1384 ( 2) 217.9    4  20.0    0
  178w 1.000    3  165.0  2019.06.15     7,38  .3393      7,38  -63e-3(w)     7,38  8.8e-2( 2) 221.4    4  11.7    0
  179w 1.000    4  166.0  2019.06.16     6,38  .2002      6,38  -69e-3(w)     6,38  -.127 ( 1) 223.9    4  19.5    0
  180w 1.000    4  167.0  2019.06.17     6,38  -.323      6,38  4.5e-2(w)    14,39  -70e-3( 1) 227.9    4  13.8    0
1

                                     G E M   T I M E   S T E P   S U M M A R Y
 ====================================================================================================================
     Time Step            Time                            Maximum Changes                       Mat  Cum    Solver
 ----------------- ----------------- ---------------------------------------------------------  Bal  time -----------
       Size Newton                        Pressure         Saturation         Composition       Err  step Iter/   Cum
 No.   days  cycls  Days     Date      Block    psia     Block   Fraction   Block    Fraction    %   cuts  Cycl  Fail
 ----  ------ ---- ------ ---------- --------- ------ --------- --------- --------- ---------- ----- ---- ----- -----
  181w 1.000    4  168.0  2019.06.18     7,38  -88e-3    12,39  2.5e-2(g)     8,38  .1081 ( 1) 232.4    4  20.5    0
  182w 1.000    4  169.0  2019.06.19     7,38  7.6e-2     7,38  4.9e-2(g)     8,38  -.116 ( 1) 238.7    4  13.5    0
  183w 1.000    4  170.0  2019.06.20     7,38  -.172      6,38  9.8e-2(g)     7,38  .2116 ( 2) 246.6    4  20.0    0
  184w 1.000    7  171.0  2019.06.21     7,38  .4581      6,38  .1034 (w)    10,39  -.100 ( 1) 253.0    4   4.4    0
  185w 1.000    4  172.0  2019.06.22     7,38  -.293      6,38  -75e-3(w)    10,38  .1224 ( 2) 260.5    4  20.2    0
  186w 1.000    5  173.0  2019.06.23     6,38  -.744      6,38  .1147 (w)     9,38  .1285 ( 2) 266.6    4  14.0    0
  187w 1.000    5  174.0  2019.06.24     6,38  .6190      6,38  -.126 (w)     6,38  -.227 ( 1) 275.5    4  20.0    0
  188w 1.000    4  175.0  2019.06.25     5,38  .7264      7,38  -.138 (g)     6,38  .2044 ( 1) 280.4    4   8.5    0
  189w 1.000    4  176.0  2019.06.26     7,38  .6329      6,38  .2107 (w)     5,39  -.106 ( 1) 284.7    4  19.8    0
  190w 1.000    4  177.0  2019.06.27     6,38  .5082      6,38  -.128 (w)     9,39  9.0e-2( 1) 290.6    4   6.8    0
  191w 1.000    4  178.0  2019.06.28     7,38  .2070      5,38  -94e-3(g)     9,39  -.102 ( 1) 295.6    4  21.5    0
  192w 1.000    4  179.0  2019.06.29     5,38  .4081      5,38  6.0e-2(g)     7,39  -95e-3( 2) 300.0    4   6.5    0
  193w 1.000    3  180.0  2019.06.30     2,38  4.5e-2     5,38  -62e-3(w)    12,38  -.102 ( 1) 305.9    4  22.0    0
  194w 1.000    3  181.0  2019.07.01     5,38  -.299      5,38  2.8e-2(w)    11,38  .1136 ( 2) 310.4    4   9.7    0
  195w 1.000    4  182.0  2019.07.02     8,37  -85e-3    10,38  -30e-3(g)    10,38  -.126 ( 1) 315.8    4  22.0    0
  196w 1.000    3  183.0  2019.07.03     5,38  .1450      7,38  6.6e-2(g)     9,38  -.154 ( 1) 323.5    4  11.7    0
  197w 1.000    4  184.0  2019.07.04     7,38  -.236      7,38  9.6e-2(w)     8,38  .1864 ( 2) 330.9    4  19.5    0
  198w 1.000    3  185.0  2019.07.05     6,38  -.307      6,38  -62e-3(g)     7,38  .2151 ( 2) 336.5    4  12.3    0
  199w 1.000    3  186.0  2019.07.06     8,38  -89e-3     6,38  -36e-3(g)     6,38  .2584 ( 2) 340.2    4  21.7    0
  200w 1.000    3  187.0  2019.07.07     6,38  .1791      6,38  2.2e-2(g)     8,37  -66e-3( 1) 343.7    4  11.0    0
1

                                     G E M   T I M E   S T E P   S U M M A R Y
 ====================================================================================================================
     Time Step            Time                            Maximum Changes                       Mat  Cum    Solver
 ----------------- ----------------- ---------------------------------------------------------  Bal  time -----------
       Size Newton                        Pressure         Saturation         Composition       Err  step Iter/   Cum
 No.   days  cycls  Days     Date      Block    psia     Block   Fraction   Block    Fraction    %   cuts  Cycl  Fail
 ----  ------ ---- ------ ---------- --------- ------ --------- --------- --------- ---------- ----- ---- ----- -----
  201w 1.000    3  188.0  2019.07.08     7,37  -54e-3     6,37  1.4e-2(g)    11,37  -76e-3( 1) 348.3    4  21.7    0
  202w 1.000    3  189.0  2019.07.09     6,37  -92e-3    10,37  -17e-3(g)    15,39  -77e-3( 1) 353.3    4  14.3    0
  203w 1.000    4  190.0  2019.07.10     4,37  -58e-3    12,39  1.2e-2(g)    14,39  8.4e-2( 2) 358.1    4  18.8    0
  204w 1.000    4  191.0  2019.07.11     5,37  5.4e-2    11,39  -16e-3(w)    13,39  -90e-3( 1) 362.6    4  16.8    0
  205w 1.000    3  192.0  2019.07.12     7,37  -38e-3    10,39  1.9e-2(g)    12,39  9.8e-2( 2) 369.8    4  22.0    0
  206w 1.000    4  193.0  2019.07.13     6,37  -72e-3     6,39  3.4e-2(g)     7,39  .1220 ( 2) 376.3    4  12.0    0
  207w 1.000    4  194.0  2019.07.14     6,39  -.106      6,39  -49e-3(g)     6,39  -.131 ( 1) 384.4    4  22.2    0
  208w 1.000    3  195.0  2019.07.15     6,39  .1583      5,39  3.5e-2(w)     9,39  -.121 ( 1) 390.6    4  12.7    0
  209w 1.000    4  196.0  2019.07.16     7,39  -.127     13,37  -20e-3(g)     8,39  .1309 ( 2) 396.8    4  22.0    0
  210w 1.000    4  197.0  2019.07.17    12,37  -58e-3     7,39  -36e-3(g)     7,39  -.138 ( 1) 403.0    4  11.8    0
  211w 1.000    4  198.0  2019.07.18     6,39  -.120      6,39  -44e-3(g)     7,38  .1279 ( 2) 412.1    4  21.8    0
  212w 1.000    4  199.0  2019.07.19     6,39  .1175      6,38  4.2e-2(w)    10,38  .1096 ( 2) 419.2    4  14.5    0
  213w 1.000    3  200.0  2019.07.20     9,38  -.109      9,37  -49e-3(g)     9,38  -.133 ( 1) 427.4    4  21.7    0
  214w 1.000    4  201.0  2019.07.21     8,38  -.128      8,38  -59e-3(g)     8,38  .1551 ( 2) 433.3    4  13.2    0
  215w 1.000    4  202.0  2019.07.22     7,38  -.243      7,38  -70e-3(g)     7,38  .1811 ( 2) 442.7    4  20.0    0
  216w 1.000    4  203.0  2019.07.23     7,38  .2385      6,38  4.4e-2(w)     6,37  -.102 ( 1) 447.9    4   7.2    0
  217w 1.000    4  204.0  2019.07.24     7,38  -.131      5,37  -28e-3(g)     5,37  8.8e-2( 2) 453.5    4  21.8    0
  218w 1.000    4  205.0  2019.07.25     5,37  .1313     12,37  -28e-3(g)    13,39  -88e-3( 1) 457.2    4  13.5    0
  219w 1.000    4  206.0  2019.07.26    11,37  -80e-3    10,37  2.9e-2(g)    11,38  -84e-3( 1) 462.4    4  22.0    0
  220w 1.000    4  207.0  2019.07.27    10,37  -75e-3    10,37  -39e-3(g)    10,38  9.0e-2( 2) 470.1    4  15.5    0
1

                                     G E M   T I M E   S T E P   S U M M A R Y
 ====================================================================================================================
     Time Step            Time                            Maximum Changes                       Mat  Cum    Solver
 ----------------- ----------------- ---------------------------------------------------------  Bal  time -----------
       Size Newton                        Pressure         Saturation         Composition       Err  step Iter/   Cum
 No.   days  cycls  Days     Date      Block    psia     Block   Fraction   Block    Fraction    %   cuts  Cycl  Fail
 ----  ------ ---- ------ ---------- --------- ------ --------- --------- --------- ---------- ----- ---- ----- -----
  221w 1.000    5  208.0  2019.07.28     9,37  -84e-3     9,37  -39e-3(g)     9,38  -.102 ( 1) 475.5    4  21.6    0
  222w 1.000    5  209.0  2019.07.29     8,37  -.128      8,37  -43e-3(g)     8,38  .1500 ( 2) 483.9    4  18.8    0
  223w 1.000    5  210.0  2019.07.30     7,38  -.140      7,38  -60e-3(g)     7,38  -.204 ( 1) 493.9    4  21.6    0
  224w 1.000    5  211.0  2019.07.31     7,38  .1835      6,38  3.9e-2(w)     7,39  -.136 ( 1) 501.2    4   5.6    0
  225w 1.000    5  212.0  2019.08.01     5,37  -.125      5,39  -35e-3(w)     6,39  -.148 ( 1) 510.0    4  21.6    0
  226w 1.000    5  213.0  2019.08.02     5,37  .1385      5,39  -30e-3(g)     9,38  .1378 ( 2) 516.9    4  15.6    0
  227w 1.000    5  214.0  2019.08.03     8,38  -81e-3     8,38  -26e-3(g)     8,38  -.159 ( 1) 523.5    4  22.2    0
  228w 1.000    4  215.0  2019.08.04     7,38  -.163      7,38  -43e-3(g)     7,38  .1985 ( 2) 529.5    4  14.5    0
  229w 1.000    3  216.0  2019.08.05     7,38  .1778      6,38  -42e-3(g)     6,38  -.235 ( 1) 533.4    4  21.7    0
  230w 1.000    5  217.0  2019.08.06     6,38  .1853      6,37  -28e-3(g)    10,38  -.114 ( 1) 537.1    4  11.6    0
  231w 1.000    3  218.0  2019.08.07     5,37  -68e-3     4,37  1.7e-2(g)     9,38  -.126 ( 1) 544.4    4  21.7    0
  232w 1.000    3  219.0  2019.08.08     5,37  6.0e-2    13,37  -21e-3(g)     7,38  6.7e-2( 1) 548.8    4  13.3    0
  233w 1.000    4  220.0  2019.08.09    12,37  -46e-3    12,37  -14e-3(g)    11,37  4.9e-2( 1) 551.2    4  21.5    0
  234w 1.000    4  221.0  2019.08.10    11,37  -69e-3    10,37  1.2e-2(g)    17,39  -75e-3( 1) 556.5    4  17.5    0
  235w 1.000    4  222.0  2019.08.11    10,37  -31e-3     9,37  2.2e-2(g)    10,37  8.2e-2( 2) 561.5    4  21.8    0
  236w 1.000    4  223.0  2019.08.12     9,37  -54e-3     9,37  -32e-3(g)     9,37  .1006 ( 2) 566.7    4  12.2    0
  237w 1.000    4  224.0  2019.08.13     8,37  -99e-3     8,37  -30e-3(g)     8,38  .1258 ( 2) 574.7    4  22.0    0
  238w 1.000    4  225.0  2019.08.14     6,37  -.115      7,38  -40e-3(g)     7,38  .1855 ( 2) 579.9    4  11.5    0
  239w 1.000    4  226.0  2019.08.15     5,37  -.144      6,38  -38e-3(g)     6,38  .1864 ( 2) 587.4    4  20.5    0
  240w 1.000    4  227.0  2019.08.16     6,38  .2080      3,38  3.1e-2(g)    14,38  -89e-3( 1) 594.3    4  12.8    0
1

                                     G E M   T I M E   S T E P   S U M M A R Y
 ====================================================================================================================
     Time Step            Time                            Maximum Changes                       Mat  Cum    Solver
 ----------------- ----------------- ---------------------------------------------------------  Bal  time -----------
       Size Newton                        Pressure         Saturation         Composition       Err  step Iter/   Cum
 No.   days  cycls  Days     Date      Block    psia     Block   Fraction   Block    Fraction    %   cuts  Cycl  Fail
 ----  ------ ---- ------ ---------- --------- ------ --------- --------- --------- ---------- ----- ---- ----- -----
  241w 1.000    4  228.0  2019.08.17     3,38  -.211      3,38  -60e-3(g)     3,38  .1708 ( 2) 601.8    4  21.2    0
  242w 1.000    4  229.0  2019.08.18     3,38  .5096      3,38  5.2e-2(g)     7,39  -.138 ( 1) 611.2    4  13.8    0
  243w 1.000    4  230.0  2019.08.19     3,38  -.443      3,38  2.8e-2(w)     6,39  .1382 ( 2) 620.7    4  19.5    0
  244w 1.000    3  231.0  2019.08.20     3,38  .1745     11,37  -28e-3(g)    10,38  .1182 ( 2) 628.2    4  10.7    0
  245w 1.000    4  232.0  2019.08.21    10,37  -64e-3    10,37  -33e-3(g)     9,38  -.129 ( 1) 634.2    4  22.0    0
  246w 1.000    4  233.0  2019.08.22     9,37  -.102      9,37  -32e-3(g)     8,38  -.165 ( 1) 643.6    4  14.0    0
  247w 1.000    5  234.0  2019.08.23     8,37  -84e-3     8,37  -39e-3(g)     7,38  -.213 ( 1) 653.4    4  22.0    0
  248w 1.000    4  235.0  2019.08.24     7,38  .1268      7,37  -47e-3(g)     7,37  -.114 ( 1) 659.3    4   8.0    0
  249w 1.000    5  236.0  2019.08.25     6,37  -.125      6,37  -68e-3(g)     6,37  -.119 ( 1) 663.5    4  21.8    0
  250w 1.000    5  237.0  2019.08.26     6,37  .1744      5,37  -33e-3(g)    12,38  .1119 ( 2) 668.3    4  13.0    0
  251w 1.000    5  238.0  2019.08.27     9,37  -80e-3     9,37  -23e-3(g)     5,39  .1456 ( 2) 675.4    4  21.6    0
  252w 1.000    5  239.0  2019.08.28     8,37  -60e-3     8,37  -33e-3(g)    10,38  -.138 ( 1) 683.7    4  12.4    0
  253w 1.000    5  240.0  2019.08.29     7,37  -73e-3     7,37  -40e-3(g)     9,38  -.154 ( 1) 691.3    4  22.0    0
  254w 1.000    4  241.0  2019.08.30     6,37  -.114      6,37  -48e-3(g)     8,38  -.192 ( 1) 698.6    4  15.2    0
  255w 1.000    5  242.0  2019.08.31     5,37  -.119      5,37  -42e-3(g)     7,38  -.235 ( 1) 705.4    4  22.0    0
  256w 1.000    4  243.0  2019.09.01     5,37  .1889      8,37  3.1e-2(g)     9,37  9.9e-2( 2) 714.0    4  11.8    0
  257w 1.000    4  244.0  2019.09.02     8,37  -61e-3     8,37  -47e-3(g)     3,38  -.130 ( 1) 720.5    4  21.5    0
  258w 1.000    3  245.0  2019.09.03     3,38  .1683      7,37  -55e-3(g)     3,38  .1099 ( 1) 725.9    4  11.3    0
  259w 1.000    3  246.0  2019.09.04     6,37  -.147      6,37  -56e-3(g)    12,37  8.5e-2( 2) 732.9    4  20.3    0
  260w 1.000    4  247.0  2019.09.05     6,37  .1328      6,37  2.2e-2(g)    10,38  .1244 ( 2) 740.3    4  13.5    0
1

                                     G E M   T I M E   S T E P   S U M M A R Y
 ====================================================================================================================
     Time Step            Time                            Maximum Changes                       Mat  Cum    Solver
 ----------------- ----------------- ---------------------------------------------------------  Bal  time -----------
       Size Newton                        Pressure         Saturation         Composition       Err  step Iter/   Cum
 No.   days  cycls  Days     Date      Block    psia     Block   Fraction   Block    Fraction    %   cuts  Cycl  Fail
 ----  ------ ---- ------ ---------- --------- ------ --------- --------- --------- ---------- ----- ---- ----- -----
  261w 1.000    3  248.0  2019.09.06     6,38  3.9e-2     8,37  -24e-3(w)     9,38  -.128 ( 1) 745.8    4  21.7    0
  262w 1.000    4  249.0  2019.09.07     8,37  -55e-3     8,37  3.4e-2(w)     9,37  .1006 ( 2) 748.9    4  12.5    0
  263w 1.000    3  250.0  2019.09.08     7,37  -.120      7,37  -46e-3(g)     3,38  .1246 ( 2) 754.3    4  19.0    0
  264w 1.000    4  251.0  2019.09.09     6,37  -.181      6,37  -64e-3(g)     3,38  .1220 ( 1) 760.1    4  12.8    0
  265w 1.000    4  252.0  2019.09.10     6,37  .1576      5,37  -30e-3(g)     3,38  -.112 ( 1) 765.1    4  16.0    0
  266w 1.000    4  253.0  2019.09.11     5,37  .1919     11,37  2.1e-2(g)     7,38  -.230 ( 1) 771.2    4  13.8    0
  267w 1.000    4  254.0  2019.09.12     3,38  -.131     11,37  2.7e-2(w)     6,38  -.260 ( 1) 778.5    4  21.8    0
  268w 1.000    4  255.0  2019.09.13     3,38  7.5e-2    10,37  -25e-3(g)     6,39  -.141 ( 1) 789.4    4  15.0    0
  269w 1.000    4  256.0  2019.09.14     9,37  -45e-3     9,37  -28e-3(g)     3,38  -.142 ( 1) 800.1    4  22.0    0
  270w 1.000    5  257.0  2019.09.15     8,37  -74e-3     6,37  -29e-3(w)     7,39  .1468 ( 2) 808.6    4  15.8    0
  271w 1.000    4  258.0  2019.09.16     6,37  -.105      6,37  -41e-3(g)     9,38  -.150 ( 1) 817.9    4  21.5    0
  272w 1.000    3  259.0  2019.09.17     7,37  .1292      5,37  3.5e-2(w)     8,38  .1835 ( 2) 827.4    4  12.3    0
  273w 1.000    4  260.0  2019.09.18    10,37  -89e-3    10,37  -29e-3(g)    12,39  -.106 ( 1) 835.3    4  21.8    0
  274w 1.000    3  261.0  2019.09.19     2,38  6.0e-2     9,37  -20e-3(g)    11,39  .1140 ( 2) 843.2    4  12.3    0
  275w 1.000    3  262.0  2019.09.20     8,37  -40e-3     5,37  -23e-3(g)    10,39  -.106 ( 1) 849.1    4  21.3    0
  276w 1.000    4  263.0  2019.09.21     5,37  6.8e-2    11,37  -20e-3(g)     7,37  9.8e-2( 2) 854.0    4   9.0    0
  277w 1.000    4  264.0  2019.09.22     6,37  -82e-3     6,37  -29e-3(g)    13,38  -.101 ( 1) 861.3    4  21.8    0
  278w 1.000    5  265.0  2019.09.23     6,37  6.1e-2     3,38  2.2e-2(g)    12,38  .1147 ( 2) 868.7    4  15.6    0
  279w 1.000    5  266.0  2019.09.24     3,38  -.149      3,38  -38e-3(g)     3,38  -.192 ( 1) 875.3    4  20.6    0
  280w 1.000    4  267.0  2019.09.25     3,38  .2827      7,37  -33e-3(g)     9,38  -.163 ( 1) 882.4    4  16.0    0
1

                                     G E M   T I M E   S T E P   S U M M A R Y
 ====================================================================================================================
     Time Step            Time                            Maximum Changes                       Mat  Cum    Solver
 ----------------- ----------------- ---------------------------------------------------------  Bal  time -----------
       Size Newton                        Pressure         Saturation         Composition       Err  step Iter/   Cum
 No.   days  cycls  Days     Date      Block    psia     Block   Fraction   Block    Fraction    %   cuts  Cycl  Fail
 ----  ------ ---- ------ ---------- --------- ------ --------- --------- --------- ---------- ----- ---- ----- -----
  281w 1.000    4  268.0  2019.09.26     3,38  -.178      6,37  -39e-3(g)     8,38  -.193 ( 1) 892.0    4  19.2    0
  282w 1.000    4  269.0  2019.09.27     6,37  .1270      5,37  3.0e-2(w)     7,38  -.187 ( 1) 898.0    4  13.8    0
  283w 1.000    5  270.0  2019.09.28     8,37  -75e-3    11,37  -12e-3(w)     6,38  -.221 ( 1) 904.0    4  21.8    0
  284w 1.000    5  271.0  2019.09.29     6,38  4.6e-2    10,37  2.6e-2(g)     7,37  9.9e-2( 2) 911.9    4  17.0    0
  285w 1.000    5  272.0  2019.09.30     6,37  -46e-3    10,37  -33e-3(g)    11,38  .1146 ( 2) 921.1    4  22.0    0
  286w 1.000    5  273.0  2019.10.01     6,37  7.5e-2     9,37  -29e-3(g)    10,38  .1384 ( 2) 928.7    4  16.0    0
  287w 1.000    5  274.0  2019.10.02     8,37  -79e-3     8,37  -29e-3(g)     7,39  .1485 ( 2) 938.9    4  21.8    0
  288w 1.000    5  275.0  2019.10.03     7,37  -61e-3     7,37  -30e-3(g)     8,38  -.160 ( 1) 949.4    4  16.6    0
  289w 1.000    4  276.0  2019.10.04     3,38  -.209      3,38  -51e-3(g)     7,38  -.220 ( 1) 961.7    4  20.5    0
  290w 1.000    4  277.0  2019.10.05     3,38  .3757      3,38  3.0e-2(g)    10,38  -.141 ( 1) 967.5    4  12.8    0
  291w 1.000    4  278.0  2019.10.06     3,38  -.229      6,37  1.1e-2(g)     9,38  -.162 ( 1) 976.1    4  20.0    0
  292w 1.000    3  279.0  2019.10.07     8,38  4.2e-2     5,37  2.3e-2(g)     8,38  -.185 ( 1) 983.6    4  14.0    0
  293w 1.000    4  280.0  2019.10.08     3,38  -88e-3     3,38  -25e-3(g)     3,38  -.166 ( 1) 988.5    4  21.2    0
  294w 1.000    5  281.0  2019.10.09     3,38  .1113      9,37  1.9e-2(g)     7,38  -.193 ( 1) 995.3    4  13.2    0
  295w 1.000    5  282.0  2019.10.10     2,38  4.4e-2     8,37  3.0e-2(g)     6,38  -.224 ( 1) 1005     4  21.8    0
  296w 1.000    5  283.0  2019.10.11     6,38  6.4e-2     8,37  -36e-3(g)     9,37  -.113 ( 1) 1012     4  16.8    0
  297w 1.000    5  284.0  2019.10.12     7,37  -82e-3     7,37  3.3e-2(w)     8,37  -.121 ( 1) 1019     4  21.8    0
  298w 1.000    3  285.0  2019.10.13     6,37  -.136      6,37  3.2e-2(w)     7,37  .1308 ( 2) 1029     4  13.7    0
  299w 1.000    4  286.0  2019.10.14     3,38  -.149      3,38  -44e-3(g)     3,38  .1720 ( 2) 1035     4  19.8    0
  300w 1.000    4  287.0  2019.10.15     3,38  .2043      3,38  1.4e-2(g)     3,38  .1478 ( 1) 1042     4  12.2    0
1

                                     G E M   T I M E   S T E P   S U M M A R Y
 ====================================================================================================================
     Time Step            Time                            Maximum Changes                       Mat  Cum    Solver
 ----------------- ----------------- ---------------------------------------------------------  Bal  time -----------
       Size Newton                        Pressure         Saturation         Composition       Err  step Iter/   Cum
 No.   days  cycls  Days     Date      Block    psia     Block   Fraction   Block    Fraction    %   cuts  Cycl  Fail
 ----  ------ ---- ------ ---------- --------- ------ --------- --------- --------- ---------- ----- ---- ----- -----
  301w 1.000    4  288.0  2019.10.16     5,37  2.8e-2     3,38  -30e-3(w)     8,39  .1188 ( 2) 1048     4  21.5    0
  302w 1.000    4  289.0  2019.10.17     5,38  4.0e-2     3,38  1.9e-2(w)     7,38  .1983 ( 2) 1056     4  14.8    0
  303w 1.000    4  290.0  2019.10.18     9,36  -31e-3    10,37  1.5e-2(g)     6,38  -.226 ( 1) 1065     4  21.5    0
  304w 1.000    5  291.0  2019.10.19     6,38  3.0e-2    10,37  -21e-3(g)     7,38  .1869 ( 1) 1072     4  17.2    0
  305w 1.000    6  292.0  2019.10.20     3,38  -96e-3     7,37  2.4e-2(g)     7,38  .2320 ( 2) 1081     4  21.3    0
  306w 1.000    5  293.0  2019.10.21     3,38  .1888      6,37  3.5e-2(g)     9,38  -.159 ( 1) 1088     4  16.6    0
  307w 1.000    3  294.0  2019.10.22     3,38  -.124      6,37  4.8e-2(w)     7,38  -.171 ( 2) 1094     4  20.7    0
  308w 1.000    3  295.0  2019.10.23     6,38  -74e-3     5,37  3.8e-2(w)     6,37  .1315 ( 2) 1099     4  10.7    0
  309w 1.000    3  296.0  2019.10.24     7,37  -47e-3     5,37  -11e-3(g)     9,38  .1556 ( 2) 1108     4  21.0    0
  310w 1.000    4  297.0  2019.10.25     5,37  6.6e-2     9,37  2.3e-2(g)     7,38  -.103 ( 2) 1117     4   9.8    0
  311w 1.000    4  298.0  2019.10.26     8,37  4.4e-2     9,37  -35e-3(g)     9,37  -.109 ( 1) 1125     4  21.5    0
  312w 1.000    4  299.0  2019.10.27     8,37  -69e-3     8,37  -33e-3(g)     8,37  -97e-3( 1) 1132     4  15.8    0
  313w 1.000    5  300.0  2019.10.28     7,37  -94e-3     7,37  -30e-3(g)     6,38  .1479 ( 2) 1143     4  21.2    0
  314w 1.000    5  301.0  2019.10.29     6,37  -57e-3     6,37  -32e-3(g)     6,37  .1228 ( 2) 1151     4  14.8    0
  315w 1.000    5  302.0  2019.10.30     5,37  -.114      5,37  -39e-3(g)     9,39  -.130 ( 1) 1160     4  20.4    0
  316w 1.000    5  303.0  2019.10.31     5,37  .1395      4,37  -20e-3(g)     8,39  .1419 ( 2) 1171     4  15.4    0
  317w 1.000    4  304.0  2019.11.01     8,37  -61e-3     7,37  2.3e-2(g)     9,38  -.156 ( 1) 1185     4  21.2    0
  318w 1.000    5  305.0  2019.11.02     7,38  7.7e-2     7,37  2.4e-2(w)     8,38  .1483 ( 2) 1194     4  13.6    0
  319w 1.000    4  306.0  2019.11.03     3,38  -.118      3,38  -39e-3(g)     6,38  .2532 ( 2) 1206     4  21.0    0
  320w 1.000    3  307.0  2019.11.04     3,38  .2826      3,38  2.9e-2(g)     7,38  -.226 ( 1) 1214     4   8.7    0
1

                                     G E M   T I M E   S T E P   S U M M A R Y
 ====================================================================================================================
     Time Step            Time                            Maximum Changes                       Mat  Cum    Solver
 ----------------- ----------------- ---------------------------------------------------------  Bal  time -----------
       Size Newton                        Pressure         Saturation         Composition       Err  step Iter/   Cum
 No.   days  cycls  Days     Date      Block    psia     Block   Fraction   Block    Fraction    %   cuts  Cycl  Fail
 ----  ------ ---- ------ ---------- --------- ------ --------- --------- --------- ---------- ----- ---- ----- -----
  321w 1.000    3  308.0  2019.11.05     3,38  -.245      4,37  -24e-3(g)     8,39  -.144 ( 1) 1225     4  17.7    0
  322w 1.000    5  309.0  2019.11.06     5,37  .1695     13,36  -11e-3(w)     7,39  -.139 ( 1) 1233     4  16.0    0
  323w 1.000    5  310.0  2019.11.07     6,38  2.6e-2    13,36  1.3e-2(w)     6,39  -.136 ( 1) 1239     4  21.6    0
  324w 1.000    5  311.0  2019.11.08    12,36  -41e-3    12,36  8.7e-3(w)     9,38  -.140 ( 1) 1248     4  16.8    0
  325w 1.000    5  312.0  2019.11.09    16,40  3.1e-2     8,37  2.5e-2(g)     8,38  -.177 ( 1) 1256     4  21.4    0
  326w 1.000    5  313.0  2019.11.10     8,37  -56e-3     3,38  3.9e-2(g)     7,38  -.199 ( 1) 1269     4  16.6    0
  327w 1.000    5  314.0  2019.11.11     3,38  -.223      3,38  -89e-3(g)     6,38  -.307 ( 1) 1284     4  20.2    0
  328w 1.000    3  315.0  2019.11.12     3,38  .5983      3,38  5.9e-2(g)     6,39  .1342 ( 2) 1290     4   7.0    0
  329w 1.000    4  316.0  2019.11.13     3,38  -.430      9,40  -11e-3(g)     5,39  .1390 ( 2) 1298     4  15.0    0
  330w 1.000    4  317.0  2019.11.14     3,38  4.9e-2     8,37  1.9e-2(g)    10,37  -.104 ( 1) 1307     4  14.0    0
  331w 1.000    5  318.0  2019.11.15    16,40  3.6e-2     3,38  -26e-3(w)     9,37  .1152 ( 2) 1315     4  21.4    0
  332w 1.000    5  319.0  2019.11.16     7,37  -57e-3     7,37  2.5e-2(w)     8,37  .1244 ( 2) 1321     4  15.8    0
  333w 1.000    5  320.0  2019.11.17     6,37  -97e-3     6,37  -35e-3(g)     8,38  -.149 ( 1) 1330     4  21.0    0
  334w 1.000    5  321.0  2019.11.18     6,37  6.7e-2     3,38  3.7e-2(g)     7,38  -.236 ( 1) 1342     4  16.6    0
  335w 1.000    5  322.0  2019.11.19     3,38  -.197      3,38  -89e-3(g)     6,38  -.299 ( 1) 1352     4  19.8    0
  336w 1.000    5  323.0  2019.11.20     3,38  .5966      3,38  6.2e-2(g)     3,38  .1430 ( 1) 1364     4  14.4    0
  337w 1.000    5  324.0  2019.11.21     3,38  -.436      8,37  -29e-3(g)     9,39  -.133 ( 1) 1375     4  19.4    0
  338w 1.000    5  325.0  2019.11.22     8,37  7.7e-2     7,37  -43e-3(g)     8,39  .1345 ( 2) 1383     4  14.4    0
  339w 1.000    6  326.0  2019.11.23     6,37  -.140      6,37  -21e-3(g)     7,38  .2330 ( 2) 1395     4  21.3    0
  340w 1.000    5  327.0  2019.11.24     6,37  6.9e-2     6,37  2.7e-2(g)     7,38  -.225 ( 2) 1404     4  17.0    0
1

                                     G E M   T I M E   S T E P   S U M M A R Y
 ====================================================================================================================
     Time Step            Time                            Maximum Changes                       Mat  Cum    Solver
 ----------------- ----------------- ---------------------------------------------------------  Bal  time -----------
       Size Newton                        Pressure         Saturation         Composition       Err  step Iter/   Cum
 No.   days  cycls  Days     Date      Block    psia     Block   Fraction   Block    Fraction    %   cuts  Cycl  Fail
 ----  ------ ---- ------ ---------- --------- ------ --------- --------- --------- ---------- ----- ---- ----- -----
  341w 1.000    4  328.0  2019.11.25     3,38  -.118      3,38  -47e-3(g)     3,38  .2117 ( 2) 1414     4  21.0    0
  342w 1.000    5  329.0  2019.11.26     3,38  .3358      5,37  -36e-3(g)     3,38  -.144 ( 2) 1419     4  14.6    0
  343w 1.000    4  330.0  2019.11.27     3,38  -.244      9,36  1.6e-2(g)    10,38  -.145 ( 1) 1428     4  19.8    0
  344w 1.000    5  331.0  2019.11.28     8,36  4.0e-2     9,36  -19e-3(g)     9,38  .1675 ( 2) 1438     4  16.6    0
  345w 1.000    5  332.0  2019.11.29     2,38  5.8e-2     8,37  1.5e-2(g)     6,38  -.264 ( 1) 1453     4  21.2    0
  346w 1.000    5  333.0  2019.11.30     3,38  .1068      7,37  3.3e-2(g)     6,38  .2576 ( 1) 1462     4  13.8    0
  347w 1.000    5  334.0  2019.12.01     3,38  -.129      7,37  -48e-3(g)     6,38  .2008 ( 2) 1475     4  21.0    0
  348w 1.000    5  335.0  2019.12.02     3,38  .1368      6,37  -67e-3(g)     3,38  -.168 ( 2) 1481     4  13.2    0
  349w 1.000    4  336.0  2019.12.03     5,37  -.168      5,37  -37e-3(g)     8,38  -.143 ( 2) 1488     4  21.0    0
  350w 1.000    3  337.0  2019.12.04     5,37  .1692      4,37  -24e-3(g)     7,38  .1397 ( 1) 1494     4   8.7    0
  351w 1.000    4  338.0  2019.12.05     3,38  -84e-3    12,40  1.3e-2(g)     7,38  -.159 ( 1) 1505     4  20.8    0
  352w 1.000    4  339.0  2019.12.06     7,38  6.3e-2    11,40  1.8e-2(g)    11,38  -.100 ( 2) 1511     4  11.2    0
  353w 1.000    5  340.0  2019.12.07     7,37  -38e-3     7,37  -22e-3(g)     3,38  -.170 ( 1) 1519     4  21.4    0
  354w 1.000    5  341.0  2019.12.08     3,38  6.6e-2     5,37  1.6e-2(g)     3,38  .1301 ( 1) 1528     4  15.8    0
  355w 1.000    4  342.0  2019.12.09     3,38  -93e-3     5,37  -25e-3(g)     6,38  .3077 ( 2) 1543     4  21.0    0
  356w 1.000    4  343.0  2019.12.10     5,37  .1369      6,37  -22e-3(g)     8,38  -.185 ( 1) 1553     4  10.0    0
  357w 1.000    4  344.0  2019.12.11     5,37  -95e-3     3,38  -24e-3(w)     6,38  -.246 ( 2) 1564     4  21.2    0
  358w 1.000    4  345.0  2019.12.12     5,37  6.2e-2     7,37  2.7e-2(g)    10,38  .1423 ( 2) 1575     4  13.8    0
  359w 1.000    5  346.0  2019.12.13     6,40  4.5e-2     7,37  -42e-3(g)     9,38  -.149 ( 1) 1584     4  21.4    0
  360w 1.000    6  347.0  2019.12.14     6,37  -98e-3     6,37  -39e-3(g)     7,38  -.172 ( 2) 1591     4  13.8    0
1

                                     G E M   T I M E   S T E P   S U M M A R Y
 ====================================================================================================================
     Time Step            Time                            Maximum Changes                       Mat  Cum    Solver
 ----------------- ----------------- ---------------------------------------------------------  Bal  time -----------
       Size Newton                        Pressure         Saturation         Composition       Err  step Iter/   Cum
 No.   days  cycls  Days     Date      Block    psia     Block   Fraction   Block    Fraction    %   cuts  Cycl  Fail
 ----  ------ ---- ------ ---------- --------- ------ --------- --------- --------- ---------- ----- ---- ----- -----
  361w 1.000    5  348.0  2019.12.15     5,37  -.108      5,37  -27e-3(g)     7,38  .2132 ( 2) 1604     4  21.0    0
  362w 1.000    4  349.0  2019.12.16     5,37  .1302      4,37  -24e-3(g)     7,39  .1540 ( 2) 1616     4  12.2    0
  363w 1.000    5  350.0  2019.12.17     6,37  -62e-3     3,38  -31e-3(w)     6,39  -.161 ( 1) 1625     4  21.4    0
  364w 1.000    5  351.0  2019.12.18     6,37  7.6e-2     3,38  -28e-3(g)    11,38  -.111 ( 1) 1633     4  14.2    0
  365w 1.000    5  352.0  2019.12.19     8,37  -61e-3    11,40  1.9e-2(g)    10,38  .1246 ( 2) 1641     4  21.4    0
  366w 1.000    4  353.0  2019.12.20     7,37  -36e-3    11,40  -20e-3(g)     9,38  .1477 ( 2) 1650     4  17.0    0
  367w 1.000    5  354.0  2019.12.21    10,40  -64e-3     9,40  -22e-3(w)     6,38  -.284 ( 1) 1665     4  20.6    0
  368w 1.000    4  355.0  2019.12.22     6,38  5.4e-2     8,40  1.9e-2(g)     6,38  .2618 ( 1) 1673     4   8.0    0
  369w 1.000    5  356.0  2019.12.23     8,40  -75e-3     7,40  1.6e-2(g)     5,37  -.130 ( 1) 1679     4  21.2    0
  370w 1.000    4  357.0  2019.12.24     5,37  6.2e-2     6,40  -21e-3(w)     9,37  -99e-3( 1) 1688     4  14.2    0
  371w 1.000    4  358.0  2019.12.25     6,40  -28e-3     3,38  -29e-3(w)     7,37  .1036 ( 1) 1697     4  21.2    0
  372w 1.000    5  359.0  2019.12.26     2,38  4.4e-2     3,38  2.9e-2(w)     7,37  -.130 ( 1) 1705     4  14.8    0
  373w 1.000    5  360.0  2019.12.27     6,37  -69e-3     6,37  -21e-3(g)     6,38  -.292 ( 1) 1720     4  21.4    0
  374w 1.000    5  361.0  2019.12.28     6,37  7.2e-2    14,40  -18e-3(g)    10,38  -.143 ( 1) 1731     4  14.2    0
  375w 1.000    5  362.0  2019.12.29     7,37  -77e-3     3,38  -38e-3(w)     9,38  .1698 ( 2) 1744     4  21.4    0
  376w 1.000    6  363.0  2019.12.30     2,38  7.0e-2     3,38  3.5e-2(w)     6,38  .2429 ( 1) 1754     4  13.5    0
  377w 1.000    4  364.0  2019.12.31     2,38  -70e-3    13,40  1.5e-2(g)     7,38  -.252 ( 1) 1770     4  21.5    0
 Total number of time steps:                 377
 Total number of Newton cycles:             1321
 Total number of solver iterations:        20705
 Total number of time step cuts:               4
 Total number of solver failures:              0
 Material Balance Error; Weighted by OrigMatInPlace+Inj:   1.7703E+03 %
 Solver/CPUs/threads/nlv1ca/cdir/dplanes/host: AIMSOL/  8/  1/  0/ -/ -1/E2-EME-HSDT508
 Implicitness, average/peak:                   0.3618 %/ 0.875 %
 Memory usage, average/peak/vm size:           48 MB/ 56 MB/ 42 MB
 Date and time at end of run:                  2019-Sep-30   14:46:28
 CPU second(s) used:                           9.875
 Elapsed  second(s):                           11.194
